\BOOKMARK [0][-]{chapter.1}{\376\377\000N\000a\000m\000e\000s\000p\000a\000c\000e\000\040\000I\000n\000d\000e\000x}{}
\BOOKMARK [1][-]{section.1.1}{\376\377\000N\000a\000m\000e\000s\000p\000a\000c\000e\000\040\000L\000i\000s\000t}{chapter.1}
\BOOKMARK [0][-]{chapter.2}{\376\377\000D\000a\000t\000a\000\040\000S\000t\000r\000u\000c\000t\000u\000r\000e\000\040\000I\000n\000d\000e\000x}{}
\BOOKMARK [1][-]{section.2.1}{\376\377\000D\000a\000t\000a\000\040\000S\000t\000r\000u\000c\000t\000u\000r\000e\000s}{chapter.2}
\BOOKMARK [0][-]{chapter.3}{\376\377\000N\000a\000m\000e\000s\000p\000a\000c\000e\000\040\000D\000o\000c\000u\000m\000e\000n\000t\000a\000t\000i\000o\000n}{}
\BOOKMARK [1][-]{section.3.1}{\376\377\000d\000e\000f\000a\000u\000l\000t\000\040\000N\000a\000m\000e\000s\000p\000a\000c\000e\000\040\000R\000e\000f\000e\000r\000e\000n\000c\000e}{chapter.3}
\BOOKMARK [2][-]{subsection.3.1.1}{\376\377\000D\000e\000t\000a\000i\000l\000e\000d\000\040\000D\000e\000s\000c\000r\000i\000p\000t\000i\000o\000n}{section.3.1}
\BOOKMARK [1][-]{section.3.2}{\376\377\000R\000o\000k\000f\000o\000r\000\040\000N\000a\000m\000e\000s\000p\000a\000c\000e\000\040\000R\000e\000f\000e\000r\000e\000n\000c\000e}{chapter.3}
\BOOKMARK [2][-]{subsection.3.2.1}{\376\377\000D\000e\000t\000a\000i\000l\000e\000d\000\040\000D\000e\000s\000c\000r\000i\000p\000t\000i\000o\000n}{section.3.2}
\BOOKMARK [0][-]{chapter.4}{\376\377\000D\000a\000t\000a\000\040\000S\000t\000r\000u\000c\000t\000u\000r\000e\000\040\000D\000o\000c\000u\000m\000e\000n\000t\000a\000t\000i\000o\000n}{}
\BOOKMARK [1][-]{section.4.1}{\376\377\000r\000o\000k\000f\000o\000r\000\137\000D\000B\000\040\000C\000l\000a\000s\000s\000\040\000R\000e\000f\000e\000r\000e\000n\000c\000e}{chapter.4}
\BOOKMARK [2][-]{subsection.4.1.1}{\376\377\000M\000e\000m\000b\000e\000r\000\040\000F\000u\000n\000c\000t\000i\000o\000n\000\040\000D\000o\000c\000u\000m\000e\000n\000t\000a\000t\000i\000o\000n}{section.4.1}
\BOOKMARK [3][-]{subsubsection.4.1.1.1}{\376\377\000\137\000g\000l\000u\000e\000T\000a\000b\000l\000e\000D\000a\000t\000a}{subsection.4.1.1}
\BOOKMARK [3][-]{subsubsection.4.1.1.2}{\376\377\000\137\000s\000p\000l\000i\000t\000C\000l\000e\000a\000n}{subsection.4.1.1}
\BOOKMARK [3][-]{subsubsection.4.1.1.3}{\376\377\000\137\000s\000p\000l\000i\000t\000C\000l\000o\000u\000d\000D\000a\000t\000a}{subsection.4.1.1}
\BOOKMARK [3][-]{subsubsection.4.1.1.4}{\376\377\000\137\000s\000p\000l\000i\000t\000T\000a\000b\000l\000e\000D\000a\000t\000a}{subsection.4.1.1}
\BOOKMARK [3][-]{subsubsection.4.1.1.5}{\376\377\000\137\000s\000p\000l\000i\000t\000T\000e\000x\000t\000L\000i\000s\000t\000D\000a\000t\000a}{subsection.4.1.1}
\BOOKMARK [3][-]{subsubsection.4.1.1.6}{\376\377\000\137\000s\000p\000l\000i\000t\000W\000o\000r\000d\000L\000i\000s\000t\000D\000a\000t\000a}{subsection.4.1.1}
\BOOKMARK [3][-]{subsubsection.4.1.1.7}{\376\377\000a\000d\000d\000E\000l\000e\000m\000e\000n\000t}{subsection.4.1.1}
\BOOKMARK [3][-]{subsubsection.4.1.1.8}{\376\377\000a\000f\000f\000e\000c\000t\000e\000d\000\137\000r\000o\000w\000s}{subsection.4.1.1}
\BOOKMARK [3][-]{subsubsection.4.1.1.9}{\376\377\000c\000h\000e\000c\000k\000S\000e\000s\000s\000i\000o\000n}{subsection.4.1.1}
\BOOKMARK [3][-]{subsubsection.4.1.1.10}{\376\377\000c\000l\000e\000a\000n\000S\000e\000s\000s\000i\000o\000n\000I\000d}{subsection.4.1.1}
\BOOKMARK [3][-]{subsubsection.4.1.1.11}{\376\377\000c\000l\000e\000a\000r\000C\000a\000c\000h\000e}{subsection.4.1.1}
\BOOKMARK [3][-]{subsubsection.4.1.1.12}{\376\377\000f\000e\000t\000c\000h\000\137\000o\000b\000j\000e\000c\000t}{subsection.4.1.1}
\BOOKMARK [3][-]{subsubsection.4.1.1.13}{\376\377\000g\000e\000t\000C\000l\000o\000u\000d\000D\000a\000t\000a}{subsection.4.1.1}
\BOOKMARK [3][-]{subsubsection.4.1.1.14}{\376\377\000g\000e\000t\000E\000d\000i\000t\000i\000o\000n\000I\000d\000b\000y\000E\000d\000i\000t\000i\000o\000n\000n\000a\000m\000e}{subsection.4.1.1}
\BOOKMARK [3][-]{subsubsection.4.1.1.15}{\376\377\000g\000e\000t\000E\000d\000i\000t\000i\000o\000n\000I\000n\000f\000o}{subsection.4.1.1}
\BOOKMARK [3][-]{subsubsection.4.1.1.16}{\376\377\000g\000e\000t\000E\000d\000i\000t\000i\000o\000n\000N\000a\000m\000e\000b\000y\000I\000d}{subsection.4.1.1}
\BOOKMARK [3][-]{subsubsection.4.1.1.17}{\376\377\000g\000e\000t\000E\000d\000i\000t\000i\000o\000n\000s}{subsection.4.1.1}
\BOOKMARK [3][-]{subsubsection.4.1.1.18}{\376\377\000g\000e\000t\000E\000l\000e\000m\000e\000n\000t\000s}{subsection.4.1.1}
\BOOKMARK [3][-]{subsubsection.4.1.1.19}{\376\377\000g\000e\000t\000E\000l\000e\000m\000e\000n\000t\000s\000I\000d\000b\000y\000N\000a\000m\000e}{subsection.4.1.1}
\BOOKMARK [3][-]{subsubsection.4.1.1.20}{\376\377\000g\000e\000t\000E\000l\000e\000m\000e\000n\000t\000s\000N\000a\000m\000e\000b\000y\000I\000d}{subsection.4.1.1}
\BOOKMARK [3][-]{subsubsection.4.1.1.21}{\376\377\000g\000e\000t\000F\000i\000e\000l\000d\000D\000a\000t\000a}{subsection.4.1.1}
\BOOKMARK [3][-]{subsubsection.4.1.1.22}{\376\377\000g\000e\000t\000F\000i\000e\000l\000d\000N\000a\000m\000e\000s\000B\000y\000T\000e\000m\000p\000l\000a\000t\000e\000N\000a\000m\000e}{subsection.4.1.1}
\BOOKMARK [3][-]{subsubsection.4.1.1.23}{\376\377\000g\000e\000t\000F\000i\000e\000l\000d\000s\000B\000y\000N\000a\000m\000e}{subsection.4.1.1}
\BOOKMARK [3][-]{subsubsection.4.1.1.24}{\376\377\000g\000e\000t\000F\000i\000e\000l\000d\000s\000B\000y\000T\000e\000m\000p\000l\000a\000t\000e\000I\000d}{subsection.4.1.1}
\BOOKMARK [3][-]{subsubsection.4.1.1.25}{\376\377\000g\000e\000t\000F\000i\000e\000l\000d\000s\000I\000d}{subsection.4.1.1}
\BOOKMARK [3][-]{subsubsection.4.1.1.26}{\376\377\000g\000e\000t\000M\000a\000t\000r\000i\000x\000D\000a\000t\000a}{subsection.4.1.1}
\BOOKMARK [3][-]{subsubsection.4.1.1.27}{\376\377\000g\000e\000t\000P\000a\000r\000t\000B\000y\000N\000a\000m\000e}{subsection.4.1.1}
\BOOKMARK [3][-]{subsubsection.4.1.1.28}{\376\377\000g\000e\000t\000P\000a\000r\000t\000N\000a\000m\000e\000b\000y\000I\000d}{subsection.4.1.1}
\BOOKMARK [3][-]{subsubsection.4.1.1.29}{\376\377\000g\000e\000t\000P\000a\000r\000t\000s}{subsection.4.1.1}
\BOOKMARK [3][-]{subsubsection.4.1.1.30}{\376\377\000g\000e\000t\000P\000r\000o\000j\000e\000c\000t\000N\000a\000m\000e\000b\000y\000E\000d\000i\000t\000i\000o\000n\000I\000d}{subsection.4.1.1}
\BOOKMARK [3][-]{subsubsection.4.1.1.31}{\376\377\000g\000e\000t\000P\000r\000o\000j\000e\000c\000t\000N\000a\000m\000e\000b\000y\000P\000a\000r\000t\000I\000d}{subsection.4.1.1}
\BOOKMARK [3][-]{subsubsection.4.1.1.32}{\376\377\000g\000e\000t\000P\000r\000o\000j\000e\000c\000t\000s}{subsection.4.1.1}
\BOOKMARK [3][-]{subsubsection.4.1.1.33}{\376\377\000g\000e\000t\000S\000e\000s\000s\000i\000o\000n\000I\000d}{subsection.4.1.1}
\BOOKMARK [3][-]{subsubsection.4.1.1.34}{\376\377\000g\000e\000t\000S\000l\000i\000d\000e\000r\000D\000a\000t\000a}{subsection.4.1.1}
\BOOKMARK [3][-]{subsubsection.4.1.1.35}{\376\377\000g\000e\000t\000T\000e\000m\000p\000l\000a\000t\000e\000F\000i\000e\000l\000d\000s}{subsection.4.1.1}
\BOOKMARK [3][-]{subsubsection.4.1.1.36}{\376\377\000g\000e\000t\000T\000e\000m\000p\000l\000a\000t\000e\000N\000a\000m\000e\000b\000y\000I\000d}{subsection.4.1.1}
\BOOKMARK [3][-]{subsubsection.4.1.1.37}{\376\377\000g\000e\000t\000T\000e\000m\000p\000l\000a\000t\000e\000s}{subsection.4.1.1}
\BOOKMARK [3][-]{subsubsection.4.1.1.38}{\376\377\000g\000e\000t\000U\000s\000e\000r\000G\000r\000o\000u\000p}{subsection.4.1.1}
\BOOKMARK [3][-]{subsubsection.4.1.1.39}{\376\377\000g\000e\000t\000U\000s\000e\000r\000I\000d}{subsection.4.1.1}
\BOOKMARK [3][-]{subsubsection.4.1.1.40}{\376\377\000g\000e\000t\000U\000s\000e\000r\000N\000a\000m\000e}{subsection.4.1.1}
\BOOKMARK [3][-]{subsubsection.4.1.1.41}{\376\377\000g\000e\000t\000U\000s\000e\000r\000N\000a\000m\000e\000B\000y\000I\000d}{subsection.4.1.1}
\BOOKMARK [3][-]{subsubsection.4.1.1.42}{\376\377\000g\000e\000t\000W\000o\000r\000d\000l\000i\000s\000t\000D\000a\000t\000a}{subsection.4.1.1}
\BOOKMARK [3][-]{subsubsection.4.1.1.43}{\376\377\000i\000n\000s\000e\000r\000t\000\137\000i\000d}{subsection.4.1.1}
\BOOKMARK [3][-]{subsubsection.4.1.1.44}{\376\377\000n\000e\000w\000S\000e\000s\000s\000i\000o\000n}{subsection.4.1.1}
\BOOKMARK [3][-]{subsubsection.4.1.1.45}{\376\377\000n\000u\000m\000\137\000r\000o\000w\000s}{subsection.4.1.1}
\BOOKMARK [3][-]{subsubsection.4.1.1.46}{\376\377\000q\000u\000e\000r\000y}{subsection.4.1.1}
\BOOKMARK [3][-]{subsubsection.4.1.1.47}{\376\377\000r\000o\000k\000f\000o\000r\000\137\000D\000B}{subsection.4.1.1}
\BOOKMARK [3][-]{subsubsection.4.1.1.48}{\376\377\000s\000e\000t\000E\000d\000i\000t\000i\000o\000n\000A\000c\000t\000i\000v\000e}{subsection.4.1.1}
\BOOKMARK [3][-]{subsubsection.4.1.1.49}{\376\377\000s\000e\000t\000E\000l\000e\000m\000e\000n\000t\000A\000c\000t\000i\000v\000e}{subsection.4.1.1}
\BOOKMARK [3][-]{subsubsection.4.1.1.50}{\376\377\000s\000e\000t\000F\000i\000e\000l\000d\000D\000a\000t\000a}{subsection.4.1.1}
\BOOKMARK [3][-]{subsubsection.4.1.1.51}{\376\377\000s\000e\000t\000P\000a\000r\000t\000A\000c\000t\000i\000v\000e}{subsection.4.1.1}
\BOOKMARK [3][-]{subsubsection.4.1.1.52}{\376\377\000s\000e\000t\000P\000r\000o\000j\000e\000c\000t\000A\000c\000t\000i\000v\000e}{subsection.4.1.1}
\BOOKMARK [3][-]{subsubsection.4.1.1.53}{\376\377\000s\000e\000t\000U\000s\000e\000r\000R\000e\000s\000t\000r\000i\000c\000t\000i\000o\000n}{subsection.4.1.1}
\BOOKMARK [3][-]{subsubsection.4.1.1.54}{\376\377\000s\000h\000o\000w\000G\000r\000o\000u\000p\000R\000i\000g\000h\000t\000s}{subsection.4.1.1}
\BOOKMARK [2][-]{subsection.4.1.2}{\376\377\000F\000i\000e\000l\000d\000\040\000D\000o\000c\000u\000m\000e\000n\000t\000a\000t\000i\000o\000n}{section.4.1}
\BOOKMARK [3][-]{subsubsection.4.1.2.1}{\376\377\000\044\000a\000c\000c\000e\000s\000s\000T\000a\000b\000l\000e}{subsection.4.1.2}
\BOOKMARK [1][-]{section.4.2}{\376\377\000r\000o\000k\000f\000o\000r\000\137\000M\000A\000I\000N\000\040\000C\000l\000a\000s\000s\000\040\000R\000e\000f\000e\000r\000e\000n\000c\000e}{chapter.4}
\BOOKMARK [2][-]{subsection.4.2.1}{\376\377\000M\000e\000m\000b\000e\000r\000\040\000F\000u\000n\000c\000t\000i\000o\000n\000\040\000D\000o\000c\000u\000m\000e\000n\000t\000a\000t\000i\000o\000n}{section.4.2}
\BOOKMARK [3][-]{subsubsection.4.2.1.1}{\376\377\000\137\000b\000r\0002\000n\000l}{subsection.4.2.1}
\BOOKMARK [3][-]{subsubsection.4.2.1.2}{\376\377\000\137\000c\000a\000l\000l\000F\000i\000e\000l\000d\000P\000o\000s\000t\000P\000r\000o\000c\000e\000s\000s\000o\000r}{subsection.4.2.1}
\BOOKMARK [3][-]{subsubsection.4.2.1.3}{\376\377\000\137\000c\000h\000e\000c\000k\000C\000h\000i\000l\000d\000r\000e\000n}{subsection.4.2.1}
\BOOKMARK [3][-]{subsubsection.4.2.1.4}{\376\377\000\137\000c\000l\000e\000a\000n\000\137\000f\000r\000o\000m\000\137\000r\000t\000e\000d\000i\000t\000o\000r}{subsection.4.2.1}
\BOOKMARK [3][-]{subsubsection.4.2.1.5}{\376\377\000\137\000d\000i\000e}{subsection.4.2.1}
\BOOKMARK [3][-]{subsubsection.4.2.1.6}{\376\377\000\137\000l\000o\000g}{subsection.4.2.1}
\BOOKMARK [3][-]{subsubsection.4.2.1.7}{\376\377\000\137\000p\000c\000r\000e\000\137\000e\000r\000r\000o\000r\000\137\000d\000e\000c\000o\000d\000e}{subsection.4.2.1}
\BOOKMARK [3][-]{subsubsection.4.2.1.8}{\376\377\000b\000a\000t\000c\000h\000P\000r\000o\000c\000e\000s\000s\000o\000r\000P\000o\000s\000t}{subsection.4.2.1}
\BOOKMARK [3][-]{subsubsection.4.2.1.9}{\376\377\000c\000h\000a\000n\000g\000e\000T\000e\000m\000p\000l\000a\000t\000e}{subsection.4.2.1}
\BOOKMARK [3][-]{subsubsection.4.2.1.10}{\376\377\000c\000h\000e\000c\000k\000C\000o\000n\000t\000r\000i\000b\000u\000t\000i\000o\000n}{subsection.4.2.1}
\BOOKMARK [3][-]{subsubsection.4.2.1.11}{\376\377\000c\000h\000e\000c\000k\000S\000e\000s\000s\000i\000o\000n}{subsection.4.2.1}
\BOOKMARK [3][-]{subsubsection.4.2.1.12}{\376\377\000c\000l\000o\000n\000e\000D\000a\000t\000a}{subsection.4.2.1}
\BOOKMARK [3][-]{subsubsection.4.2.1.13}{\376\377\000c\000l\000o\000n\000e\000I\000s\000s\000u\000e}{subsection.4.2.1}
\BOOKMARK [3][-]{subsubsection.4.2.1.14}{\376\377\000c\000l\000o\000s\000e\000C\000o\000n\000t\000r\000i\000b\000u\000t\000i\000o\000n}{subsection.4.2.1}
\BOOKMARK [3][-]{subsubsection.4.2.1.15}{\376\377\000c\000r\000e\000a\000t\000e\000B\000u\000f\000f\000e\000r}{subsection.4.2.1}
\BOOKMARK [3][-]{subsubsection.4.2.1.16}{\376\377\000d\000e\000l\000e\000t\000e\000F\000r\000o\000m\000B\000i\000n\000a\000r\000y}{subsection.4.2.1}
\BOOKMARK [3][-]{subsubsection.4.2.1.17}{\376\377\000d\000i\000s\000t\000i\000l\000l\000e\000r}{subsection.4.2.1}
\BOOKMARK [3][-]{subsubsection.4.2.1.18}{\376\377\000E\000x\000e\000c\000u\000t\000e\000V\000i\000d\000e\000o\000C\000o\000n\000v\000e\000r\000s\000i\000o\000n}{subsection.4.2.1}
\BOOKMARK [3][-]{subsubsection.4.2.1.19}{\376\377\000g\000e\000t\000B\000r\000o\000w\000s\000e\000r}{subsection.4.2.1}
\BOOKMARK [3][-]{subsubsection.4.2.1.20}{\376\377\000g\000e\000t\000C\000o\000n\000t\000r\000o\000l\000l\000e\000r}{subsection.4.2.1}
\BOOKMARK [3][-]{subsubsection.4.2.1.21}{\376\377\000g\000e\000t\000L\000a\000s\000t\000m\000o\000d\000i\000f\000i\000e\000d\000C\000o\000n\000t\000r\000i\000b}{subsection.4.2.1}
\BOOKMARK [3][-]{subsubsection.4.2.1.22}{\376\377\000g\000e\000t\000L\000a\000t\000e\000s\000t\000C\000o\000n\000t\000r\000i\000b}{subsection.4.2.1}
\BOOKMARK [3][-]{subsubsection.4.2.1.23}{\376\377\000g\000e\000t\000N\000e\000i\000g\000h\000b\000o\000u\000r\000C\000o\000n\000t\000r\000i\000b}{subsection.4.2.1}
\BOOKMARK [3][-]{subsubsection.4.2.1.24}{\376\377\000g\000e\000t\000O\000r\000d\000e\000r}{subsection.4.2.1}
\BOOKMARK [3][-]{subsubsection.4.2.1.25}{\376\377\000g\000e\000t\000P\000r\000o\000g\000r\000e\000s\000s}{subsection.4.2.1}
\BOOKMARK [3][-]{subsubsection.4.2.1.26}{\376\377\000n\000e\000w\000C\000o\000n\000t\000r\000i\000b\000u\000t\000i\000o\000n}{subsection.4.2.1}
\BOOKMARK [3][-]{subsubsection.4.2.1.27}{\376\377\000P\000D\000F\0002\000I\000m\000a\000g\000e}{subsection.4.2.1}
\BOOKMARK [3][-]{subsubsection.4.2.1.28}{\376\377\000p\000o\000s\000t\000C\000o\000n\000t\000r\000o\000l\000l\000e\000r}{subsection.4.2.1}
\BOOKMARK [3][-]{subsubsection.4.2.1.29}{\376\377\000r\000o\000k\000f\000o\000r\000\137\000M\000A\000I\000N}{subsection.4.2.1}
\BOOKMARK [3][-]{subsubsection.4.2.1.30}{\376\377\000s\000a\000v\000e\000C\000o\000r\000r\000e\000x}{subsection.4.2.1}
\BOOKMARK [3][-]{subsubsection.4.2.1.31}{\376\377\000s\000e\000a\000r\000c\000h\000r\000e\000p\000l\000a\000c\000e\000R\000e\000s\000u\000l\000t\000s}{subsection.4.2.1}
\BOOKMARK [3][-]{subsubsection.4.2.1.32}{\376\377\000s\000e\000n\000d\000M\000a\000i\000l}{subsection.4.2.1}
\BOOKMARK [3][-]{subsubsection.4.2.1.33}{\376\377\000s\000e\000t\000I\000s\000s\000u\000e\000S\000t\000a\000t\000e}{subsection.4.2.1}
\BOOKMARK [3][-]{subsubsection.4.2.1.34}{\376\377\000s\000h\000o\000w\000O\000t\000h\000e\000r\000U\000s\000e\000r\000s}{subsection.4.2.1}
\BOOKMARK [3][-]{subsubsection.4.2.1.35}{\376\377\000s\000t\000o\000r\000e\000D\000a\000t\000a}{subsection.4.2.1}
\BOOKMARK [3][-]{subsubsection.4.2.1.36}{\376\377\000s\000t\000o\000r\000e\000O\000r\000d\000e\000r}{subsection.4.2.1}
\BOOKMARK [3][-]{subsubsection.4.2.1.37}{\376\377\000s\000t\000o\000r\000e\000S\000y\000s\000t\000e\000m\000S\000e\000t\000t\000i\000n\000g\000s}{subsection.4.2.1}
\BOOKMARK [3][-]{subsubsection.4.2.1.38}{\376\377\000t\000r\000a\000n\000s\000f\000o\000r\000m\000F\000o\000r\000m\000F\000i\000e\000l\000d\000s}{subsection.4.2.1}
\BOOKMARK [3][-]{subsubsection.4.2.1.39}{\376\377\000t\000r\000a\000s\000h\000C\000o\000n\000t\000r\000i\000b\000u\000t\000i\000o\000n}{subsection.4.2.1}
\BOOKMARK [3][-]{subsubsection.4.2.1.40}{\376\377\000t\000r\000e\000e\000X\000M\000L}{subsection.4.2.1}
\BOOKMARK [3][-]{subsubsection.4.2.1.41}{\376\377\000U\000D\000B\000A\000c\000c\000e\000s\000s}{subsection.4.2.1}
\BOOKMARK [3][-]{subsubsection.4.2.1.42}{\376\377\000u\000p\000d\000a\000t\000e\000S\000e\000s\000s\000i\000o\000n\000V\000a\000r\000s}{subsection.4.2.1}
\BOOKMARK [3][-]{subsubsection.4.2.1.43}{\376\377\000V\000i\000d\000e\000o\0002\000G\000i\000f}{subsection.4.2.1}
\BOOKMARK [3][-]{subsubsection.4.2.1.44}{\376\377\000V\000i\000d\000e\000o\0002\000H\000T\000M\000L\0005}{subsection.4.2.1}
\BOOKMARK [1][-]{section.4.3}{\376\377\000r\000o\000k\000f\000o\000r\000\137\000T\000E\000M\000P\000L\000A\000T\000E\000S\000\040\000C\000l\000a\000s\000s\000\040\000R\000e\000f\000e\000r\000e\000n\000c\000e}{chapter.4}
\BOOKMARK [2][-]{subsection.4.3.1}{\376\377\000M\000e\000m\000b\000e\000r\000\040\000F\000u\000n\000c\000t\000i\000o\000n\000\040\000D\000o\000c\000u\000m\000e\000n\000t\000a\000t\000i\000o\000n}{section.4.3}
\BOOKMARK [3][-]{subsubsection.4.3.1.1}{\376\377\000\137\000\137\000s\000p\000e\000l\000l\000C\000h\000e\000c\000k\000W\000o\000r\000d}{subsection.4.3.1}
\BOOKMARK [3][-]{subsubsection.4.3.1.2}{\376\377\000\137\000B\000i\000l\000d}{subsection.4.3.1}
\BOOKMARK [3][-]{subsubsection.4.3.1.3}{\376\377\000\137\000C\000o\000n\000v\000e\000r\000t\000I\000n\000f\000l\000u\000e\000n\000c\000e\000A\000r\000r\000a\000y}{subsection.4.3.1}
\BOOKMARK [3][-]{subsubsection.4.3.1.4}{\376\377\000\137\000d\000o\000m\000r\000e\000a\000d\000y}{subsection.4.3.1}
\BOOKMARK [3][-]{subsubsection.4.3.1.5}{\376\377\000\137\000F\000i\000l\000e\000P\000i\000c\000k\000e\000r}{subsection.4.3.1}
\BOOKMARK [3][-]{subsubsection.4.3.1.6}{\376\377\000\137\000g\000e\000t\000E\000n\000g\000i\000n\000e}{subsection.4.3.1}
\BOOKMARK [3][-]{subsubsection.4.3.1.7}{\376\377\000\137\000m\000a\000r\000k\000\137\000s\000e\000a\000r\000c\000h\000\137\000r\000e\000s\000u\000l\000t\000s}{subsection.4.3.1}
\BOOKMARK [3][-]{subsubsection.4.3.1.8}{\376\377\000\137\000p\000a\000r\000s\000e\000L\000e\000g\000e\000n\000d\000s}{subsection.4.3.1}
\BOOKMARK [3][-]{subsubsection.4.3.1.9}{\376\377\000\137\000p\000r\000e\000p\000a\000r\000e\000\137\000f\000o\000r\000\137\000r\000t\000f\000e\000d\000i\000t\000i\000n\000g}{subsection.4.3.1}
\BOOKMARK [3][-]{subsubsection.4.3.1.10}{\376\377\000\137\000s\000p\000e\000l\000l\000C\000h\000e\000c\000k}{subsection.4.3.1}
\BOOKMARK [3][-]{subsubsection.4.3.1.11}{\376\377\000\137\000T\000a\000r\000g\000e\000t\000M\000a\000t\000r\000i\000x}{subsection.4.3.1}
\BOOKMARK [3][-]{subsubsection.4.3.1.12}{\376\377\000\137\000T\000e\000x\000t}{subsection.4.3.1}
\BOOKMARK [3][-]{subsubsection.4.3.1.13}{\376\377\000\137\000T\000i\000m\000e\000M\000a\000t\000r\000i\000x}{subsection.4.3.1}
\BOOKMARK [3][-]{subsubsection.4.3.1.14}{\376\377\000\137\000T\000y\000p\000o\000l\000o\000g\000y\000C\000l\000o\000u\000d}{subsection.4.3.1}
\BOOKMARK [3][-]{subsubsection.4.3.1.15}{\376\377\000\137\000T\000y\000p\000o\000l\000o\000g\000y\000S\000e\000l\000e\000c\000t}{subsection.4.3.1}
\BOOKMARK [3][-]{subsubsection.4.3.1.16}{\376\377\000\137\000Z\000a\000h\000l}{subsection.4.3.1}
\BOOKMARK [3][-]{subsubsection.4.3.1.17}{\376\377\000b\000a\000s\000e\000f\000r\000a\000m\000e}{subsection.4.3.1}
\BOOKMARK [3][-]{subsubsection.4.3.1.18}{\376\377\000b\000o\000o\000k\000S\000o\000r\000t\000i\000n\000g}{subsection.4.3.1}
\BOOKMARK [3][-]{subsubsection.4.3.1.19}{\376\377\000c\000o\000n\000t\000e\000x\000t}{subsection.4.3.1}
\BOOKMARK [3][-]{subsubsection.4.3.1.20}{\376\377\000d\000i\000s\000p\000l\000a\000y\000I\000n\000f\000o}{subsection.4.3.1}
\BOOKMARK [3][-]{subsubsection.4.3.1.21}{\376\377\000d\000o\000m\000r\000e\000a\000d\000y}{subsection.4.3.1}
\BOOKMARK [3][-]{subsubsection.4.3.1.22}{\376\377\000f\000o\000o\000t}{subsection.4.3.1}
\BOOKMARK [3][-]{subsubsection.4.3.1.23}{\376\377\000h\000e\000a\000d}{subsection.4.3.1}
\BOOKMARK [3][-]{subsubsection.4.3.1.24}{\376\377\000l\000o\000g\000i\000n}{subsection.4.3.1}
\BOOKMARK [3][-]{subsubsection.4.3.1.25}{\376\377\000m\000a\000i\000n\000f\000o\000r\000m\000F\000i\000e\000l\000d}{subsection.4.3.1}
\BOOKMARK [3][-]{subsubsection.4.3.1.26}{\376\377\000m\000a\000i\000n\000f\000o\000r\000m\000F\000o\000o\000t\000e\000r}{subsection.4.3.1}
\BOOKMARK [3][-]{subsubsection.4.3.1.27}{\376\377\000m\000a\000i\000n\000f\000o\000r\000m\000H\000e\000a\000d\000e\000r}{subsection.4.3.1}
\BOOKMARK [3][-]{subsubsection.4.3.1.28}{\376\377\000p\000r\000i\000n\000t\000A\000j\000a\000x\000F\000o\000r\000m}{subsection.4.3.1}
\BOOKMARK [3][-]{subsubsection.4.3.1.29}{\376\377\000p\000r\000i\000n\000t\000A\000j\000a\000x\000T\000a\000b\000l\000e\000e\000d\000i\000t\000o\000r}{subsection.4.3.1}
\BOOKMARK [3][-]{subsubsection.4.3.1.30}{\376\377\000r\000e\000d\000i\000r\000e\000c\000t}{subsection.4.3.1}
\BOOKMARK [3][-]{subsubsection.4.3.1.31}{\376\377\000s\000h\000o\000w\000B\000a\000t\000c\000h\000e\000s}{subsection.4.3.1}
\BOOKMARK [3][-]{subsubsection.4.3.1.32}{\376\377\000s\000h\000o\000w\000E\000x\000p\000o\000r\000t\000e\000r}{subsection.4.3.1}
\BOOKMARK [3][-]{subsubsection.4.3.1.33}{\376\377\000s\000h\000o\000w\000S\000e\000a\000r\000c\000h\000R\000e\000p\000l\000a\000c\000e\000F\000o\000r\000m}{subsection.4.3.1}
\BOOKMARK [3][-]{subsubsection.4.3.1.34}{\376\377\000t\000e\000m\000p\000l\000a\000t\000e\000S\000o\000r\000t\000i\000n\000g}{subsection.4.3.1}
\BOOKMARK [3][-]{subsubsection.4.3.1.35}{\376\377\000x\000m\000l}{subsection.4.3.1}
